Performing C SOURCE FILE Test CMAKE_HAVE_LIBC_PTHREAD failed with the following output:
Change Dir: /home/qin/mocap/build/CMakeFiles/CMakeTmp

Run Build Command(s):/usr/bin/make -f Makefile cmTC_d56f4/fast && /usr/bin/make  -f CMakeFiles/cmTC_d56f4.dir/build.make CMakeFiles/cmTC_d56f4.dir/build
make[1]: Entering directory '/home/qin/mocap/build/CMakeFiles/CMakeTmp'
Building C object CMakeFiles/cmTC_d56f4.dir/src.c.o
/usr/bin/cc -DCMAKE_HAVE_LIBC_PTHREAD  -fPIE -o CMakeFiles/cmTC_d56f4.dir/src.c.o -c /home/qin/mocap/build/CMakeFiles/CMakeTmp/src.c
Linking C executable cmTC_d56f4
/usr/local/bin/cmake -E cmake_link_script CMakeFiles/cmTC_d56f4.dir/link.txt --verbose=1
/usr/bin/cc CMakeFiles/cmTC_d56f4.dir/src.c.o -o cmTC_d56f4 
/usr/bin/ld: CMakeFiles/cmTC_d56f4.dir/src.c.o: in function `main':
src.c:(.text+0x46): undefined reference to `pthread_create'
/usr/bin/ld: src.c:(.text+0x52): undefined reference to `pthread_detach'
/usr/bin/ld: src.c:(.text+0x5e): undefined reference to `pthread_cancel'
/usr/bin/ld: src.c:(.text+0x6f): undefined reference to `pthread_join'
collect2: error: ld returned 1 exit status
make[1]: *** [CMakeFiles/cmTC_d56f4.dir/build.make:99: cmTC_d56f4] Error 1
make[1]: Leaving directory '/home/qin/mocap/build/CMakeFiles/CMakeTmp'
make: *** [Makefile:127: cmTC_d56f4/fast] Error 2


Source file was:
#include <pthread.h>

static void* test_func(void* data)
{
  return data;
}

int main(void)
{
  pthread_t thread;
  pthread_create(&thread, NULL, test_func, NULL);
  pthread_detach(thread);
  pthread_cancel(thread);
  pthread_join(thread, NULL);
  pthread_atfork(NULL, NULL, NULL);
  pthread_exit(NULL);

  return 0;
}

Determining if the function pthread_create exists in the pthreads failed with the following output:
Change Dir: /home/qin/mocap/build/CMakeFiles/CMakeTmp

Run Build Command(s):/usr/bin/make -f Makefile cmTC_d16b2/fast && /usr/bin/make  -f CMakeFiles/cmTC_d16b2.dir/build.make CMakeFiles/cmTC_d16b2.dir/build
make[1]: Entering directory '/home/qin/mocap/build/CMakeFiles/CMakeTmp'
Building C object CMakeFiles/cmTC_d16b2.dir/CheckFunctionExists.c.o
/usr/bin/cc   -DCHECK_FUNCTION_EXISTS=pthread_create -fPIE -o CMakeFiles/cmTC_d16b2.dir/CheckFunctionExists.c.o -c /usr/local/share/cmake-3.21/Modules/CheckFunctionExists.c
Linking C executable cmTC_d16b2
/usr/local/bin/cmake -E cmake_link_script CMakeFiles/cmTC_d16b2.dir/link.txt --verbose=1
/usr/bin/cc  -DCHECK_FUNCTION_EXISTS=pthread_create CMakeFiles/cmTC_d16b2.dir/CheckFunctionExists.c.o -o cmTC_d16b2  -lpthreads 
/usr/bin/ld: cannot find -lpthreads
collect2: error: ld returned 1 exit status
make[1]: *** [CMakeFiles/cmTC_d16b2.dir/build.make:99: cmTC_d16b2] Error 1
make[1]: Leaving directory '/home/qin/mocap/build/CMakeFiles/CMakeTmp'
make: *** [Makefile:127: cmTC_d16b2/fast] Error 2



Determining if the Perl module Parse::RecDescent exists failed with the following error output:
Can't locate Parse/RecDescent.pm in @INC (you may need to install the Parse::RecDescent module) (@INC contains: /etc/perl /usr/local/lib/x86_64-linux-gnu/perl/5.30.0 /usr/local/share/perl/5.30.0 /usr/lib/x86_64-linux-gnu/perl5/5.30 /usr/share/perl5 /usr/lib/x86_64-linux-gnu/perl/5.30 /usr/share/perl/5.30 /usr/local/lib/site_perl /usr/lib/x86_64-linux-gnu/perl-base) at -e line 1.
BEGIN failed--compilation aborted at -e line 1.


Determining if the Perl module Parse::RecDescent exists failed with the following error output:
Can't locate Parse/RecDescent.pm in @INC (you may need to install the Parse::RecDescent module) (@INC contains: /etc/perl /usr/local/lib/x86_64-linux-gnu/perl/5.30.0 /usr/local/share/perl/5.30.0 /usr/lib/x86_64-linux-gnu/perl5/5.30 /usr/share/perl5 /usr/lib/x86_64-linux-gnu/perl/5.30 /usr/share/perl/5.30 /usr/local/lib/site_perl /usr/lib/x86_64-linux-gnu/perl-base) at -e line 1.
BEGIN failed--compilation aborted at -e line 1.


Determining if the Perl module Parse::RecDescent exists failed with the following error output:
Can't locate Parse/RecDescent.pm in @INC (you may need to install the Parse::RecDescent module) (@INC contains: /etc/perl /usr/local/lib/x86_64-linux-gnu/perl/5.30.0 /usr/local/share/perl/5.30.0 /usr/lib/x86_64-linux-gnu/perl5/5.30 /usr/share/perl5 /usr/lib/x86_64-linux-gnu/perl/5.30 /usr/share/perl/5.30 /usr/local/lib/site_perl /usr/lib/x86_64-linux-gnu/perl-base) at -e line 1.
BEGIN failed--compilation aborted at -e line 1.


Determining if the Perl module Parse::RecDescent exists failed with the following error output:
Can't locate Parse/RecDescent.pm in @INC (you may need to install the Parse::RecDescent module) (@INC contains: /etc/perl /usr/local/lib/x86_64-linux-gnu/perl/5.30.0 /usr/local/share/perl/5.30.0 /usr/lib/x86_64-linux-gnu/perl5/5.30 /usr/share/perl5 /usr/lib/x86_64-linux-gnu/perl/5.30 /usr/share/perl/5.30 /usr/local/lib/site_perl /usr/lib/x86_64-linux-gnu/perl-base) at -e line 1.
BEGIN failed--compilation aborted at -e line 1.


Determining if the Perl module Parse::RecDescent exists failed with the following error output:
Can't locate Parse/RecDescent.pm in @INC (you may need to install the Parse::RecDescent module) (@INC contains: /etc/perl /usr/local/lib/x86_64-linux-gnu/perl/5.30.0 /usr/local/share/perl/5.30.0 /usr/lib/x86_64-linux-gnu/perl5/5.30 /usr/share/perl5 /usr/lib/x86_64-linux-gnu/perl/5.30 /usr/share/perl/5.30 /usr/local/lib/site_perl /usr/lib/x86_64-linux-gnu/perl-base) at -e line 1.
BEGIN failed--compilation aborted at -e line 1.


Determining if the Perl module Parse::RecDescent exists failed with the following error output:
Can't locate Parse/RecDescent.pm in @INC (you may need to install the Parse::RecDescent module) (@INC contains: /etc/perl /usr/local/lib/x86_64-linux-gnu/perl/5.30.0 /usr/local/share/perl/5.30.0 /usr/lib/x86_64-linux-gnu/perl5/5.30 /usr/share/perl5 /usr/lib/x86_64-linux-gnu/perl/5.30 /usr/share/perl/5.30 /usr/local/lib/site_perl /usr/lib/x86_64-linux-gnu/perl-base) at -e line 1.
BEGIN failed--compilation aborted at -e line 1.


Determining if the Perl module Parse::RecDescent exists failed with the following error output:
Can't locate Parse/RecDescent.pm in @INC (you may need to install the Parse::RecDescent module) (@INC contains: /etc/perl /usr/local/lib/x86_64-linux-gnu/perl/5.30.0 /usr/local/share/perl/5.30.0 /usr/lib/x86_64-linux-gnu/perl5/5.30 /usr/share/perl5 /usr/lib/x86_64-linux-gnu/perl/5.30 /usr/share/perl/5.30 /usr/local/lib/site_perl /usr/lib/x86_64-linux-gnu/perl-base) at -e line 1.
BEGIN failed--compilation aborted at -e line 1.


Determining if the Perl module Parse::RecDescent exists failed with the following error output:
Can't locate Parse/RecDescent.pm in @INC (you may need to install the Parse::RecDescent module) (@INC contains: /etc/perl /usr/local/lib/x86_64-linux-gnu/perl/5.30.0 /usr/local/share/perl/5.30.0 /usr/lib/x86_64-linux-gnu/perl5/5.30 /usr/share/perl5 /usr/lib/x86_64-linux-gnu/perl/5.30 /usr/share/perl/5.30 /usr/local/lib/site_perl /usr/lib/x86_64-linux-gnu/perl-base) at -e line 1.
BEGIN failed--compilation aborted at -e line 1.


Determining if the Perl module Parse::RecDescent exists failed with the following error output:
Can't locate Parse/RecDescent.pm in @INC (you may need to install the Parse::RecDescent module) (@INC contains: /etc/perl /usr/local/lib/x86_64-linux-gnu/perl/5.30.0 /usr/local/share/perl/5.30.0 /usr/lib/x86_64-linux-gnu/perl5/5.30 /usr/share/perl5 /usr/lib/x86_64-linux-gnu/perl/5.30 /usr/share/perl/5.30 /usr/local/lib/site_perl /usr/lib/x86_64-linux-gnu/perl-base) at -e line 1.
BEGIN failed--compilation aborted at -e line 1.


Determining if the Perl module Parse::RecDescent exists failed with the following error output:
Can't locate Parse/RecDescent.pm in @INC (you may need to install the Parse::RecDescent module) (@INC contains: /etc/perl /usr/local/lib/x86_64-linux-gnu/perl/5.30.0 /usr/local/share/perl/5.30.0 /usr/lib/x86_64-linux-gnu/perl5/5.30 /usr/share/perl5 /usr/lib/x86_64-linux-gnu/perl/5.30 /usr/share/perl/5.30 /usr/local/lib/site_perl /usr/lib/x86_64-linux-gnu/perl-base) at -e line 1.
BEGIN failed--compilation aborted at -e line 1.


Determining if the Perl module Parse::RecDescent exists failed with the following error output:
Can't locate Parse/RecDescent.pm in @INC (you may need to install the Parse::RecDescent module) (@INC contains: /etc/perl /usr/local/lib/x86_64-linux-gnu/perl/5.30.0 /usr/local/share/perl/5.30.0 /usr/lib/x86_64-linux-gnu/perl5/5.30 /usr/share/perl5 /usr/lib/x86_64-linux-gnu/perl/5.30 /usr/share/perl/5.30 /usr/local/lib/site_perl /usr/lib/x86_64-linux-gnu/perl-base) at -e line 1.
BEGIN failed--compilation aborted at -e line 1.


Determining if the Perl module Parse::RecDescent exists failed with the following error output:
Can't locate Parse/RecDescent.pm in @INC (you may need to install the Parse::RecDescent module) (@INC contains: /etc/perl /usr/local/lib/x86_64-linux-gnu/perl/5.30.0 /usr/local/share/perl/5.30.0 /usr/lib/x86_64-linux-gnu/perl5/5.30 /usr/share/perl5 /usr/lib/x86_64-linux-gnu/perl/5.30 /usr/share/perl/5.30 /usr/local/lib/site_perl /usr/lib/x86_64-linux-gnu/perl-base) at -e line 1.
BEGIN failed--compilation aborted at -e line 1.


Determining if the Perl module Parse::RecDescent exists failed with the following error output:
Can't locate Parse/RecDescent.pm in @INC (you may need to install the Parse::RecDescent module) (@INC contains: /etc/perl /usr/local/lib/x86_64-linux-gnu/perl/5.30.0 /usr/local/share/perl/5.30.0 /usr/lib/x86_64-linux-gnu/perl5/5.30 /usr/share/perl5 /usr/lib/x86_64-linux-gnu/perl/5.30 /usr/share/perl/5.30 /usr/local/lib/site_perl /usr/lib/x86_64-linux-gnu/perl-base) at -e line 1.
BEGIN failed--compilation aborted at -e line 1.


Determining if the Perl module Parse::RecDescent exists failed with the following error output:
Can't locate Parse/RecDescent.pm in @INC (you may need to install the Parse::RecDescent module) (@INC contains: /etc/perl /usr/local/lib/x86_64-linux-gnu/perl/5.30.0 /usr/local/share/perl/5.30.0 /usr/lib/x86_64-linux-gnu/perl5/5.30 /usr/share/perl5 /usr/lib/x86_64-linux-gnu/perl/5.30 /usr/share/perl/5.30 /usr/local/lib/site_perl /usr/lib/x86_64-linux-gnu/perl-base) at -e line 1.
BEGIN failed--compilation aborted at -e line 1.


